<?xml version="1.0" encoding="UTF-8"?>
<testsuite name="io.github.warraft.ujapi_gui.MainKtTest" tests="1" skipped="0" failures="0" errors="0" timestamp="2025-06-03T14:25:08" hostname="illia-x1" time="0.017">
  <properties/>
  <testcase name="main()" classname="io.github.warraft.ujapi_gui.MainKtTest" time="0.017"/>
  <system-out><![CDATA[]]></system-out>
  <system-err><![CDATA[]]></system-err>
</testsuite>
